<?xml version="1.0" encoding="UTF-8"?>
<!-- Generated by org.testng.reporters.JUnitXMLReporter -->
<testsuite ignored="10" hostname="DESKTOP-25A5VGP" failures="0" tests="12" name="Default test" time="270.57" errors="0" timestamp="2022-10-11T14:33:19 CEST">
  <testcase classname="polovniautomobili.com.CheckboxTest" name="selectCheckbox" time="43.607"/>
  <testcase classname="polovniautomobili.com.LoginTest" name="logInCredentials" time="11.071"/>
  <testcase classname="polovniautomobili.com.InvalidEntryTest" name="invalidEntryTest" time="3.182"/>
  <testcase classname="polovniautomobili.com.CarsTest" name="dropdownCarTest" time="115.422"/>
  <testcase classname="polovniautomobili.com.CarsTest" name="dropdownCarTest" time="15.75"/>
  <testcase classname="polovniautomobili.com.CarsTest" name="searcCarsTest" time="10.028"/>
  <testcase classname="polovniautomobili.com.CarsTest" name="searcCarsTest" time="8.341"/>
  <testcase classname="polovniautomobili.com.MotorcyclesTest" name="SearchTypingMotorcycleTest" time="11.843"/>
  <testcase classname="polovniautomobili.com.MotorcyclesTest" name="SearchTypingMotorcycleTest" time="11.271"/>
  <testcase classname="polovniautomobili.com.MotorcyclesTest" name="SearchTypingMotorcycleTest" time="11.481"/>
  <testcase classname="polovniautomobili.com.MotorcyclesTest" name="dropdownMotorcycTest" time="7.415"/>
  <testcase classname="polovniautomobili.com.MotorcyclesTest" name="dropdownMotorcycTest" time="5.907"/>
  <testcase classname="base.Hooks" name="@BeforeTest setup" time="0.0">
    <ignored/>
  </testcase> <!-- @BeforeTest setup -->
  <testcase classname="base.Hooks" name="@BeforeTest setup" time="0.0">
    <ignored/>
  </testcase> <!-- @BeforeTest setup -->
  <testcase classname="base.Hooks" name="@BeforeTest setup" time="0.0">
    <ignored/>
  </testcase> <!-- @BeforeTest setup -->
  <testcase classname="base.Hooks" name="@BeforeTest setup" time="0.0">
    <ignored/>
  </testcase> <!-- @BeforeTest setup -->
  <testcase classname="base.Hooks" name="@BeforeTest setup" time="0.0">
    <ignored/>
  </testcase> <!-- @BeforeTest setup -->
  <testcase classname="base.Hooks" name="@AfterTest tearDown" time="0.0">
    <ignored/>
  </testcase> <!-- @AfterTest tearDown -->
  <testcase classname="base.Hooks" name="@AfterTest tearDown" time="0.0">
    <ignored/>
  </testcase> <!-- @AfterTest tearDown -->
  <testcase classname="base.Hooks" name="@AfterTest tearDown" time="0.0">
    <ignored/>
  </testcase> <!-- @AfterTest tearDown -->
  <testcase classname="base.Hooks" name="@AfterTest tearDown" time="0.0">
    <ignored/>
  </testcase> <!-- @AfterTest tearDown -->
  <testcase classname="base.Hooks" name="@AfterTest tearDown" time="0.0">
    <ignored/>
  </testcase> <!-- @AfterTest tearDown -->
</testsuite> <!-- Default test -->
