<?xml version="1.0" encoding="UTF-8"?>
<!-- Generated by org.testng.reporters.JUnitXMLReporter -->
<testsuite ignored="1" hostname="DESKTOP-25A5VGP" failures="0" tests="2" name="Default test" time="315.973" errors="0" timestamp="2022-10-01T21:55:09 CEST">
  <testcase classname="polovniautomobili.com.DropdownSelectTest" name="carTest" time="177.763"/>
  <testcase classname="polovniautomobili.com.DropdownSelectTest" name="carTest" time="127.334"/>
  <testcase classname="polovniautomobili.com.DropdownSelectTest" name="motorcyclesTest" time="0.0">
    <ignored/>
  </testcase> <!-- motorcyclesTest -->
</testsuite> <!-- Default test -->
