<?xml version="1.0" encoding="UTF-8"?>
<!-- Generated by org.testng.reporters.JUnitXMLReporter -->
<testsuite ignored="0" hostname="DESKTOP-25A5VGP" failures="0" tests="5" name="Test2" time="240.266" errors="0" timestamp="2022-10-11T13:58:24 CEST">
  <testcase classname="polovniautomobili.com.MotorcyclesTest" name="SearchTypingMotorcycleTest" time="87.25"/>
  <testcase classname="polovniautomobili.com.MotorcyclesTest" name="SearchTypingMotorcycleTest" time="35.841"/>
  <testcase classname="polovniautomobili.com.MotorcyclesTest" name="SearchTypingMotorcycleTest" time="28.97"/>
  <testcase classname="polovniautomobili.com.MotorcyclesTest" name="dropdownMotorcycTest" time="10.406"/>
  <testcase classname="polovniautomobili.com.MotorcyclesTest" name="dropdownMotorcycTest" time="9.973"/>
</testsuite> <!-- Test2 -->
