<?xml version="1.0" encoding="UTF-8"?>
<!-- Generated by org.testng.reporters.JUnitXMLReporter -->
<testsuite ignored="0" hostname="DESKTOP-25A5VGP" failures="0" tests="4" name="Test1" time="99.781" errors="0" timestamp="2022-10-07T12:42:45 CEST">
  <testcase classname="polovniautomobili.com.CarsTest" name="SearcCarsTest" time="8.599"/>
  <testcase classname="polovniautomobili.com.CarsTest" name="SearcCarsTest" time="18.105"/>
  <testcase classname="polovniautomobili.com.CarsTest" name="carTest" time="28.603"/>
  <testcase classname="polovniautomobili.com.CarsTest" name="carTest" time="22.923"/>
</testsuite> <!-- Test1 -->
