<?xml version="1.0" encoding="UTF-8"?>
<!-- Generated by org.testng.reporters.JUnitXMLReporter -->
<testsuite ignored="0" hostname="DESKTOP-25A5VGP" failures="0" tests="5" name="Test2" time="105.835" errors="0" timestamp="2022-10-07T12:42:51 CEST">
  <testcase classname="polovniautomobili.com.MotorcyclesTest" name="SearchTypingTest" time="30.247"/>
  <testcase classname="polovniautomobili.com.MotorcyclesTest" name="SearchTypingTest" time="17.557"/>
  <testcase classname="polovniautomobili.com.MotorcyclesTest" name="SearchTypingTest" time="17.411"/>
  <testcase classname="polovniautomobili.com.MotorcyclesTest" name="dropdownTest" time="12.531"/>
  <testcase classname="polovniautomobili.com.MotorcyclesTest" name="dropdownTest" time="6.999"/>
</testsuite> <!-- Test2 -->
