<?xml version="1.0" encoding="UTF-8"?>
<!-- Generated by org.testng.reporters.JUnitXMLReporter -->
<testsuite ignored="0" hostname="DESKTOP-25A5VGP" failures="0" tests="4" name="Test1" time="316.371" errors="0" timestamp="2022-10-11T13:50:16 CEST">
  <testcase classname="polovniautomobili.com.CarsTest" name="dropdownCarTest" time="60.288"/>
  <testcase classname="polovniautomobili.com.CarsTest" name="dropdownCarTest" time="157.522"/>
  <testcase classname="polovniautomobili.com.CarsTest" name="searcCarsTest" time="9.301"/>
  <testcase classname="polovniautomobili.com.CarsTest" name="searcCarsTest" time="9.165"/>
</testsuite> <!-- Test1 -->
