<?xml version="1.0" encoding="UTF-8"?>
<testng-results ignored="0" total="1" passed="1" failed="0" skipped="0">
  <reporter-output>
  </reporter-output>
  <suite started-at="2022-09-19T10:39:02 CEST" name="Default suite" finished-at="2022-09-19T10:39:18 CEST" duration-ms="16553">
    <groups>
    </groups>
    <test started-at="2022-09-19T10:39:02 CEST" name="Default test" finished-at="2022-09-19T10:39:18 CEST" duration-ms="16553">
      <class name="polovniautomobili.com.First">
        <test-method is-config="true" signature="setup()[pri:0, instance:polovniautomobili.com.First@54bff557]" started-at="2022-09-19T10:39:02 CEST" name="setup" finished-at="2022-09-19T10:39:14 CEST" duration-ms="12411" status="PASS">
          <reporter-output>
          </reporter-output>
        </test-method> <!-- setup -->
        <test-method signature="test()[pri:0, instance:polovniautomobili.com.First@54bff557]" started-at="2022-09-19T10:39:14 CEST" name="test" finished-at="2022-09-19T10:39:18 CEST" duration-ms="3831" status="PASS">
          <reporter-output>
          </reporter-output>
        </test-method> <!-- test -->
        <test-method is-config="true" signature="tearDown()[pri:0, instance:polovniautomobili.com.First@54bff557]" started-at="2022-09-19T10:39:18 CEST" name="tearDown" finished-at="2022-09-19T10:39:18 CEST" duration-ms="250" status="PASS">
          <reporter-output>
          </reporter-output>
        </test-method> <!-- tearDown -->
      </class> <!-- polovniautomobili.com.First -->
    </test> <!-- Default test -->
  </suite> <!-- Default suite -->
</testng-results>
