<?xml version="1.0" encoding="UTF-8"?>
<testng-results ignored="1" total="2" passed="1" failed="0" skipped="0">
  <reporter-output>
  </reporter-output>
  <suite started-at="2022-09-22T21:44:06 CEST" name="Default suite" finished-at="2022-09-22T21:44:37 CEST" duration-ms="31085">
    <groups>
    </groups>
    <test started-at="2022-09-22T21:44:06 CEST" name="Default test" finished-at="2022-09-22T21:44:37 CEST" duration-ms="31085">
      <class name="polovniautomobili.com.DropdownSelectTest">
        <test-method is-config="true" signature="setup()[pri:0, instance:polovniautomobili.com.DropdownSelectTest@1de76cc7]" started-at="2022-09-22T21:44:06 CEST" name="setup" finished-at="2022-09-22T21:44:14 CEST" duration-ms="8137" status="PASS">
          <reporter-output>
          </reporter-output>
        </test-method> <!-- setup -->
        <test-method signature="carTest()[pri:0, instance:polovniautomobili.com.DropdownSelectTest@1de76cc7]" started-at="2022-09-22T21:44:14 CEST" name="carTest" finished-at="2022-09-22T21:44:37 CEST" duration-ms="22903" status="PASS">
          <reporter-output>
          </reporter-output>
        </test-method> <!-- carTest -->
      </class> <!-- polovniautomobili.com.DropdownSelectTest -->
    </test> <!-- Default test -->
  </suite> <!-- Default suite -->
</testng-results>
